<?xml version="1.0" encoding="UTF-8"?>
<testng-results ignored="0" total="1" passed="1" failed="0" skipped="0">
  <reporter-output>
  </reporter-output>
  <suite started-at="2024-10-30T10:38:06 IST" name="Default suite" finished-at="2024-10-30T10:38:16 IST" duration-ms="9399">
    <groups>
    </groups>
    <test started-at="2024-10-30T10:38:06 IST" name="Default test" finished-at="2024-10-30T10:38:16 IST" duration-ms="9399">
      <class name="testscript.WebtableTest">
        <test-method signature="verifyBookDetails()[pri:0, instance:testscript.WebtableTest@7e5afaa6]" started-at="2024-10-30T10:38:07 IST" name="verifyBookDetails" finished-at="2024-10-30T10:38:16 IST" duration-ms="9300" status="PASS">
          <reporter-output>
          </reporter-output>
        </test-method> <!-- verifyBookDetails -->
      </class> <!-- testscript.WebtableTest -->
    </test> <!-- Default test -->
  </suite> <!-- Default suite -->
</testng-results>
